A D/apropos////
R D/apropos////
A D/ar////
R D/ar////
A D/asa////
R D/asa////
A D/asn1_compile////
R D/asn1_compile////
A D/bdes////
R D/bdes////
A D/checknr////
R D/checknr////
A D/chflags////
R D/chflags////
A D/cksum////
R D/cksum////
A D/colcrt////
R D/colcrt////
A D/compile_et////
R D/compile_et////
A D/elf2aout////
R D/elf2aout////
A D/elf2ecoff////
R D/elf2ecoff////
A D/elf2olf////
R D/elf2olf////
A D/error////
R D/error////
A D/fdeject////
R D/fdeject////
A D/file2c////
R D/file2c////
A D/fpr////
R D/fpr////
A D/fsplit////
R D/fsplit////
A D/gcore////
R D/gcore////
A D/gzsig////
R D/gzsig////
A D/info_mkdb////
R D/info_mkdb////
A D/keynote-keygen////
R D/keynote-keygen////
A D/keynote-sign////
R D/keynote-sign////
A D/keynote-sigver////
R D/keynote-sigver////
A D/keynote-verify////
R D/keynote-verify////
A D/learn////
R D/learn////
A D/machine////
R D/machine////
A D/man////
R D/man////
A D/midiplay////
R D/midiplay////
A D/mk_cmds////
R D/mk_cmds////
A D/mkfifo////
R D/mkfifo////
A D/mkstr////
R D/mkstr////
A D/modstat////
R D/modstat////
A D/more////
R D/more////
A D/msgs////
R D/msgs////
A D/oldrdist////
R D/oldrdist////
A D/pcc////
R D/pcc////
A D/pctrctl////
R D/pctrctl////
A D/pmdb////
R D/pmdb////
A D/pnpinfo////
R D/pnpinfo////
A D/ranlib////
R D/ranlib////
