sysDescr.0 = STRING: OpenBSD fabien.klemkow.net 6.8 GENERIC.MP#216 amd64
sysObjectID.0 = OID: localSystem.1
sysUpTime.0 = Timeticks: (47514) 0:07:55.14
sysContact.0 = STRING: root@fabien.klemkow.net
sysName.0 = STRING: fabien.klemkow.net
sysLocation.0 = STRING: 
sysServices.0 = INTEGER: 74
sysORLastChange.0 = Timeticks: (0) 0:00:00.00
sysORIndex.1 = INTEGER: 1
sysORIndex.2 = INTEGER: 2
sysORIndex.3 = INTEGER: 3
sysORIndex.4 = INTEGER: 4
sysORIndex.5 = INTEGER: 5
sysORIndex.6 = INTEGER: 6
sysORIndex.7 = INTEGER: 7
sysORIndex.8 = INTEGER: 8
sysORIndex.9 = INTEGER: 9
sysORIndex.10 = INTEGER: 10
sysORIndex.11 = INTEGER: 11
sysORIndex.12 = INTEGER: 12
sysORIndex.13 = INTEGER: 13
sysORIndex.14 = INTEGER: 14
sysORID.1 = OID: mib_2
sysORID.2 = OID: ipMIB
sysORID.3 = OID: ipfMIB
sysORID.4 = OID: snmp
sysORID.5 = OID: dot1dBridge
sysORID.6 = OID: host
sysORID.7 = OID: ifMIB
sysORID.8 = OID: ucdDiskIOMIB
sysORID.9 = OID: pfMIBObjects
sysORID.10 = OID: sensorsMIBObjects
sysORID.11 = OID: memMIBObjects
sysORID.12 = OID: carpMIBObjects
sysORID.13 = OID: snmpEngine
sysORID.14 = OID: usmStats
sysORDescr.1 = STRING: iso.org.dod.internet.mgmt.mib_2
sysORDescr.2 = STRING: iso.org.dod.internet.mgmt.mib_2.ipMIB
sysORDescr.3 = STRING: iso.org.dod.internet.mgmt.mib_2.ipMIB.ipfMIB
sysORDescr.4 = STRING: iso.org.dod.internet.mgmt.mib_2.snmp
sysORDescr.5 = STRING: iso.org.dod.internet.mgmt.mib_2.dot1dBridge
sysORDescr.6 = STRING: iso.org.dod.internet.mgmt.mib_2.host
sysORDescr.7 = STRING: iso.org.dod.internet.mgmt.mib_2.ifMIB
sysORDescr.8 = STRING: iso.org.dod.internet.private.enterprises.ucDavis.ucdExperimental.ucdDiskIOMIB
sysORDescr.9 = STRING: iso.org.dod.internet.private.enterprises.openBSD.pfMIBObjects
sysORDescr.10 = STRING: iso.org.dod.internet.private.enterprises.openBSD.sensorsMIBObjects
sysORDescr.11 = STRING: iso.org.dod.internet.private.enterprises.openBSD.memMIBObjects
sysORDescr.12 = STRING: iso.org.dod.internet.private.enterprises.openBSD.carpMIBObjects
sysORDescr.13 = STRING: iso.org.dod.internet.snmpV2.snmpModules.framework.frameworkObjects.snmpEngine
sysORDescr.14 = STRING: iso.org.dod.internet.snmpV2.snmpModules.usm.usmObjects.usmStats
sysORUpTime.1 = Timeticks: (0) 0:00:00.00
sysORUpTime.2 = Timeticks: (0) 0:00:00.00
sysORUpTime.3 = Timeticks: (0) 0:00:00.00
sysORUpTime.4 = Timeticks: (0) 0:00:00.00
sysORUpTime.5 = Timeticks: (0) 0:00:00.00
sysORUpTime.6 = Timeticks: (0) 0:00:00.00
sysORUpTime.7 = Timeticks: (0) 0:00:00.00
sysORUpTime.8 = Timeticks: (0) 0:00:00.00
sysORUpTime.9 = Timeticks: (0) 0:00:00.00
sysORUpTime.10 = Timeticks: (0) 0:00:00.00
sysORUpTime.11 = Timeticks: (0) 0:00:00.00
sysORUpTime.12 = Timeticks: (0) 0:00:00.00
sysORUpTime.13 = Timeticks: (0) 0:00:00.00
sysORUpTime.14 = Timeticks: (0) 0:00:00.00
ifNumber.0 = INTEGER: 5
ifIndex.1 = INTEGER: 1
ifIndex.2 = INTEGER: 2
ifIndex.3 = INTEGER: 3
ifIndex.4 = INTEGER: 4
ifIndex.5 = INTEGER: 5
ifDescr.1 = STRING: iwm0
ifDescr.2 = STRING: em0
ifDescr.3 = STRING: enc0
ifDescr.4 = STRING: lo0
ifDescr.5 = STRING: pflog0
ifType.1 = INTEGER: 6
ifType.2 = INTEGER: 6
ifType.3 = INTEGER: 1
ifType.4 = INTEGER: 24
ifType.5 = INTEGER: 1
ifMtu.1 = INTEGER: 1500
ifMtu.2 = INTEGER: 1500
ifMtu.3 = INTEGER: 0
ifMtu.4 = INTEGER: 32768
ifMtu.5 = INTEGER: 33136
ifSpeed.1 = Gauge32: 54000000
ifSpeed.2 = Gauge32: 0
ifSpeed.3 = Gauge32: 0
ifSpeed.4 = Gauge32: 0
ifSpeed.5 = Gauge32: 0
ifPhysAddress.1 = Hex-STRING: A0 C5 89 B6 D0 AF
ifPhysAddress.2 = Hex-STRING: 8C 16 45 2A F1 0B
ifPhysAddress.3 = STRING: 
ifPhysAddress.4 = STRING: 
ifPhysAddress.5 = STRING: 
ifAdminStatus.1 = INTEGER: 1
ifAdminStatus.2 = INTEGER: 1
ifAdminStatus.3 = INTEGER: 2
ifAdminStatus.4 = INTEGER: 1
ifAdminStatus.5 = INTEGER: 1
ifOperStatus.1 = INTEGER: 1
ifOperStatus.2 = INTEGER: 7
ifOperStatus.3 = INTEGER: 2
ifOperStatus.4 = INTEGER: 4
ifOperStatus.5 = INTEGER: 4
ifLastChange.1 = Timeticks: (47515) 0:07:55.15
ifLastChange.2 = Timeticks: (47515) 0:07:55.15
ifLastChange.3 = Timeticks: (47515) 0:07:55.15
ifLastChange.4 = Timeticks: (47515) 0:07:55.15
ifLastChange.5 = Timeticks: (47515) 0:07:55.15
ifInOctets.1 = Counter32: 4100552680
ifInOctets.2 = Counter32: 1145941651
ifInOctets.3 = Counter32: 0
ifInOctets.4 = Counter32: 1015906694
ifInOctets.5 = Counter32: 0
ifInUcastPkts.1 = Counter32: 6295907
ifInUcastPkts.2 = Counter32: 20695936
ifInUcastPkts.3 = Counter32: 0
ifInUcastPkts.4 = Counter32: 6641994
ifInUcastPkts.5 = Counter32: 0
ifInNUcastPkts.1 = Counter32: 5933
ifInNUcastPkts.2 = Counter32: 255732
ifInNUcastPkts.3 = Counter32: 0
ifInNUcastPkts.4 = Counter32: 0
ifInNUcastPkts.5 = Counter32: 0
ifInDiscards.1 = Counter32: 0
ifInDiscards.2 = Counter32: 0
ifInDiscards.3 = Counter32: 0
ifInDiscards.4 = Counter32: 0
ifInDiscards.5 = Counter32: 0
ifInErrors.1 = Counter32: 230135
ifInErrors.2 = Counter32: 0
ifInErrors.3 = Counter32: 0
ifInErrors.4 = Counter32: 0
ifInErrors.5 = Counter32: 0
ifInUnknownProtos.1 = Counter32: 0
ifInUnknownProtos.2 = Counter32: 0
ifInUnknownProtos.3 = Counter32: 0
ifInUnknownProtos.4 = Counter32: 0
ifInUnknownProtos.5 = Counter32: 0
ifOutOctets.1 = Counter32: 427654237
ifOutOctets.2 = Counter32: 1124247724
ifOutOctets.3 = Counter32: 0
ifOutOctets.4 = Counter32: 1015907625
ifOutOctets.5 = Counter32: 49360
ifOutUcastPkts.1 = Counter32: 5319079
ifOutUcastPkts.2 = Counter32: 13844781
ifOutUcastPkts.3 = Counter32: 0
ifOutUcastPkts.4 = Counter32: 6642000
ifOutUcastPkts.5 = Counter32: 793
ifOutNUcastPkts.1 = Counter32: 27
ifOutNUcastPkts.2 = Counter32: 80
ifOutNUcastPkts.3 = Counter32: 0
ifOutNUcastPkts.4 = Counter32: 0
ifOutNUcastPkts.5 = Counter32: 0
ifOutDiscards.1 = Counter32: 0
ifOutDiscards.2 = Counter32: 181
ifOutDiscards.3 = Counter32: 0
ifOutDiscards.4 = Counter32: 0
ifOutDiscards.5 = Counter32: 0
ifOutErrors.1 = Counter32: 66386
ifOutErrors.2 = Counter32: 0
ifOutErrors.3 = Counter32: 0
ifOutErrors.4 = Counter32: 0
ifOutErrors.5 = Counter32: 0
ifOutQLen.1 = Gauge32: 0
ifOutQLen.2 = Gauge32: 0
ifOutQLen.3 = Gauge32: 0
ifOutQLen.4 = Gauge32: 0
ifOutQLen.5 = Gauge32: 0
ifSpecific.1 = OID: zeroDotZero
ifSpecific.2 = OID: zeroDotZero
ifSpecific.3 = OID: zeroDotZero
ifSpecific.4 = OID: zeroDotZero
ifSpecific.5 = OID: zeroDotZero
ipForwarding.0 = INTEGER: 2
ipDefaultTTL.0 = INTEGER: 64
ipInReceives.0 = Counter32: 33377800
ipInHdrErrors.0 = Counter32: 0
ipInAddrErrors.0 = Counter32: 587
ipForwDatagrams.0 = Counter32: 0
ipInUnknownProtos.0 = Counter32: 786
ipInDelivers.0 = Counter32: 33376049
ipOutRequests.0 = Counter32: 25830644
ipOutDiscards.0 = Counter32: 0
ipOutNoRoutes.0 = Counter32: 0
ipReasmTimeout.0 = INTEGER: 60
ipReasmReqds.0 = Counter32: 0
ipReasmOKs.0 = Counter32: 0
ipReasmFails.0 = Counter32: 0
ipFragOKs.0 = Counter32: 0
ipFragFails.0 = Counter32: 0
ipFragCreates.0 = Counter32: 0
ipAdEntAddr.10.1.254.121 = IpAddress: 10.1.254.121
ipAdEntAddr.127.0.0.1 = IpAddress: 127.0.0.1
ipAdEntAddr.192.168.0.51 = IpAddress: 192.168.0.51
ipAdEntIfIndex.10.1.254.121 = INTEGER: 2
ipAdEntIfIndex.127.0.0.1 = INTEGER: 4
ipAdEntIfIndex.192.168.0.51 = INTEGER: 1
ipAdEntNetMask.10.1.254.121 = IpAddress: 255.252.0.0
ipAdEntNetMask.127.0.0.1 = IpAddress: 255.0.0.0
ipAdEntNetMask.192.168.0.51 = IpAddress: 255.255.255.0
ipAdEntBcastAddr.10.1.254.121 = INTEGER: 1
ipAdEntBcastAddr.127.0.0.1 = INTEGER: 0
ipAdEntBcastAddr.192.168.0.51 = INTEGER: 1
ipAdEntReasmMaxSize.10.1.254.121 = INTEGER: 65535
ipAdEntReasmMaxSize.127.0.0.1 = INTEGER: 65535
ipAdEntReasmMaxSize.192.168.0.51 = INTEGER: 65535
ipNetToMediaIfIndex.1.192.168.0.1 = INTEGER: 1
ipNetToMediaIfIndex.1.192.168.0.51 = INTEGER: 1
ipNetToMediaIfIndex.2.10.1.254.121 = INTEGER: 2
ipNetToMediaPhysAddress.1.192.168.0.1 = Hex-STRING: 00 00 24 CD 39 11
ipNetToMediaPhysAddress.1.192.168.0.51 = Hex-STRING: A0 C5 89 B6 D0 AF
ipNetToMediaPhysAddress.2.10.1.254.121 = Hex-STRING: 8C 16 45 2A F1 0B
ipNetToMediaNetAddress.1.192.168.0.1 = IpAddress: 192.168.0.1
ipNetToMediaNetAddress.1.192.168.0.51 = IpAddress: 192.168.0.51
ipNetToMediaNetAddress.2.10.1.254.121 = IpAddress: 10.1.254.121
ipNetToMediaType.1.192.168.0.1 = INTEGER: 3
ipNetToMediaType.1.192.168.0.51 = INTEGER: 3
ipNetToMediaType.2.10.1.254.121 = INTEGER: 3
ipfInetCidrRouteNumber.0 = Gauge32: 9
ipfRouteEntIfIndex.1.4.0.0.0.0.0.2.0.8.1.4.10.0.0.1 = INTEGER: 0
ipfRouteEntIfIndex.1.4.0.0.0.0.0.2.0.12.1.4.192.168.0.1 = INTEGER: 0
ipfRouteEntIfIndex.1.4.10.0.0.0.14.2.0.4.1.4.10.1.254.121 = INTEGER: 2
ipfRouteEntIfIndex.1.4.10.3.255.255.32.2.0.1.1.4.10.1.254.121 = INTEGER: 0
ipfRouteEntIfIndex.1.4.127.0.0.0.8.2.0.8.1.4.127.0.0.1 = INTEGER: 0
ipfRouteEntIfIndex.1.4.127.0.0.1.32.2.0.1.1.4.127.0.0.1 = INTEGER: 0
ipfRouteEntIfIndex.1.4.192.168.0.0.24.2.0.8.1.4.192.168.0.51 = INTEGER: 1
ipfRouteEntIfIndex.1.4.192.168.0.255.32.2.0.1.1.4.192.168.0.51 = INTEGER: 0
ipfRouteEntIfIndex.1.4.224.0.0.0.4.2.0.8.1.4.127.0.0.1 = INTEGER: 0
ipfRouteEntType.1.4.0.0.0.0.0.2.0.8.1.4.10.0.0.1 = INTEGER: 4
ipfRouteEntType.1.4.0.0.0.0.0.2.0.12.1.4.192.168.0.1 = INTEGER: 4
ipfRouteEntType.1.4.10.0.0.0.14.2.0.4.1.4.10.1.254.121 = INTEGER: 3
ipfRouteEntType.1.4.10.3.255.255.32.2.0.1.1.4.10.1.254.121 = INTEGER: 4
ipfRouteEntType.1.4.127.0.0.0.8.2.0.8.1.4.127.0.0.1 = INTEGER: 2
ipfRouteEntType.1.4.127.0.0.1.32.2.0.1.1.4.127.0.0.1 = INTEGER: 4
ipfRouteEntType.1.4.192.168.0.0.24.2.0.8.1.4.192.168.0.51 = INTEGER: 3
ipfRouteEntType.1.4.192.168.0.255.32.2.0.1.1.4.192.168.0.51 = INTEGER: 4
ipfRouteEntType.1.4.224.0.0.0.4.2.0.8.1.4.127.0.0.1 = INTEGER: 2
ipfRouteEntProto.1.4.0.0.0.0.0.2.0.8.1.4.10.0.0.1 = INTEGER: 3
ipfRouteEntProto.1.4.0.0.0.0.0.2.0.12.1.4.192.168.0.1 = INTEGER: 1
ipfRouteEntProto.1.4.10.0.0.0.14.2.0.4.1.4.10.1.254.121 = INTEGER: 2
ipfRouteEntProto.1.4.10.3.255.255.32.2.0.1.1.4.10.1.254.121 = INTEGER: 1
ipfRouteEntProto.1.4.127.0.0.0.8.2.0.8.1.4.127.0.0.1 = INTEGER: 3
ipfRouteEntProto.1.4.127.0.0.1.32.2.0.1.1.4.127.0.0.1 = INTEGER: 1
ipfRouteEntProto.1.4.192.168.0.0.24.2.0.8.1.4.192.168.0.51 = INTEGER: 3
ipfRouteEntProto.1.4.192.168.0.255.32.2.0.1.1.4.192.168.0.51 = INTEGER: 1
ipfRouteEntProto.1.4.224.0.0.0.4.2.0.8.1.4.127.0.0.1 = INTEGER: 3
ipfRouteEntAge.1.4.0.0.0.0.0.2.0.8.1.4.10.0.0.1 = Gauge32: 0
ipfRouteEntAge.1.4.0.0.0.0.0.2.0.12.1.4.192.168.0.1 = Gauge32: 0
ipfRouteEntAge.1.4.10.0.0.0.14.2.0.4.1.4.10.1.254.121 = Gauge32: 0
ipfRouteEntAge.1.4.10.3.255.255.32.2.0.1.1.4.10.1.254.121 = Gauge32: 0
ipfRouteEntAge.1.4.127.0.0.0.8.2.0.8.1.4.127.0.0.1 = Gauge32: 0
ipfRouteEntAge.1.4.127.0.0.1.32.2.0.1.1.4.127.0.0.1 = Gauge32: 0
ipfRouteEntAge.1.4.192.168.0.0.24.2.0.8.1.4.192.168.0.51 = Gauge32: 0
ipfRouteEntAge.1.4.192.168.0.255.32.2.0.1.1.4.192.168.0.51 = Gauge32: 0
ipfRouteEntAge.1.4.224.0.0.0.4.2.0.8.1.4.127.0.0.1 = Gauge32: 0
ipfRouteEntNextHopAS.1.4.0.0.0.0.0.2.0.8.1.4.10.0.0.1 = Gauge32: 0
ipfRouteEntNextHopAS.1.4.0.0.0.0.0.2.0.12.1.4.192.168.0.1 = Gauge32: 0
ipfRouteEntNextHopAS.1.4.10.0.0.0.14.2.0.4.1.4.10.1.254.121 = Gauge32: 0
ipfRouteEntNextHopAS.1.4.10.3.255.255.32.2.0.1.1.4.10.1.254.121 = Gauge32: 0
ipfRouteEntNextHopAS.1.4.127.0.0.0.8.2.0.8.1.4.127.0.0.1 = Gauge32: 0
ipfRouteEntNextHopAS.1.4.127.0.0.1.32.2.0.1.1.4.127.0.0.1 = Gauge32: 0
ipfRouteEntNextHopAS.1.4.192.168.0.0.24.2.0.8.1.4.192.168.0.51 = Gauge32: 0
ipfRouteEntNextHopAS.1.4.192.168.0.255.32.2.0.1.1.4.192.168.0.51 = Gauge32: 0
ipfRouteEntNextHopAS.1.4.224.0.0.0.4.2.0.8.1.4.127.0.0.1 = Gauge32: 0
ipfRouteEntRouteMetric1.1.4.0.0.0.0.0.2.0.8.1.4.10.0.0.1 = INTEGER: -1
ipfRouteEntRouteMetric1.1.4.0.0.0.0.0.2.0.12.1.4.192.168.0.1 = INTEGER: -1
ipfRouteEntRouteMetric1.1.4.10.0.0.0.14.2.0.4.1.4.10.1.254.121 = INTEGER: -1
ipfRouteEntRouteMetric1.1.4.10.3.255.255.32.2.0.1.1.4.10.1.254.121 = INTEGER: -1
ipfRouteEntRouteMetric1.1.4.127.0.0.0.8.2.0.8.1.4.127.0.0.1 = INTEGER: -1
ipfRouteEntRouteMetric1.1.4.127.0.0.1.32.2.0.1.1.4.127.0.0.1 = INTEGER: -1
ipfRouteEntRouteMetric1.1.4.192.168.0.0.24.2.0.8.1.4.192.168.0.51 = INTEGER: -1
ipfRouteEntRouteMetric1.1.4.192.168.0.255.32.2.0.1.1.4.192.168.0.51 = INTEGER: -1
ipfRouteEntRouteMetric1.1.4.224.0.0.0.4.2.0.8.1.4.127.0.0.1 = INTEGER: -1
ipfRouteEntRouteMetric2.1.4.0.0.0.0.0.2.0.8.1.4.10.0.0.1 = INTEGER: -1
ipfRouteEntRouteMetric2.1.4.0.0.0.0.0.2.0.12.1.4.192.168.0.1 = INTEGER: -1
ipfRouteEntRouteMetric2.1.4.10.0.0.0.14.2.0.4.1.4.10.1.254.121 = INTEGER: -1
ipfRouteEntRouteMetric2.1.4.10.3.255.255.32.2.0.1.1.4.10.1.254.121 = INTEGER: -1
ipfRouteEntRouteMetric2.1.4.127.0.0.0.8.2.0.8.1.4.127.0.0.1 = INTEGER: -1
ipfRouteEntRouteMetric2.1.4.127.0.0.1.32.2.0.1.1.4.127.0.0.1 = INTEGER: -1
ipfRouteEntRouteMetric2.1.4.192.168.0.0.24.2.0.8.1.4.192.168.0.51 = INTEGER: -1
ipfRouteEntRouteMetric2.1.4.192.168.0.255.32.2.0.1.1.4.192.168.0.51 = INTEGER: -1
ipfRouteEntRouteMetric2.1.4.224.0.0.0.4.2.0.8.1.4.127.0.0.1 = INTEGER: -1
ipfRouteEntRouteMetric3.1.4.0.0.0.0.0.2.0.8.1.4.10.0.0.1 = INTEGER: -1
ipfRouteEntRouteMetric3.1.4.0.0.0.0.0.2.0.12.1.4.192.168.0.1 = INTEGER: -1
ipfRouteEntRouteMetric3.1.4.10.0.0.0.14.2.0.4.1.4.10.1.254.121 = INTEGER: -1
ipfRouteEntRouteMetric3.1.4.10.3.255.255.32.2.0.1.1.4.10.1.254.121 = INTEGER: -1
ipfRouteEntRouteMetric3.1.4.127.0.0.0.8.2.0.8.1.4.127.0.0.1 = INTEGER: -1
ipfRouteEntRouteMetric3.1.4.127.0.0.1.32.2.0.1.1.4.127.0.0.1 = INTEGER: -1
ipfRouteEntRouteMetric3.1.4.192.168.0.0.24.2.0.8.1.4.192.168.0.51 = INTEGER: -1
ipfRouteEntRouteMetric3.1.4.192.168.0.255.32.2.0.1.1.4.192.168.0.51 = INTEGER: -1
ipfRouteEntRouteMetric3.1.4.224.0.0.0.4.2.0.8.1.4.127.0.0.1 = INTEGER: -1
ipfRouteEntRouteMetric4.1.4.0.0.0.0.0.2.0.8.1.4.10.0.0.1 = INTEGER: -1
ipfRouteEntRouteMetric4.1.4.0.0.0.0.0.2.0.12.1.4.192.168.0.1 = INTEGER: -1
ipfRouteEntRouteMetric4.1.4.10.0.0.0.14.2.0.4.1.4.10.1.254.121 = INTEGER: -1
ipfRouteEntRouteMetric4.1.4.10.3.255.255.32.2.0.1.1.4.10.1.254.121 = INTEGER: -1
ipfRouteEntRouteMetric4.1.4.127.0.0.0.8.2.0.8.1.4.127.0.0.1 = INTEGER: -1
ipfRouteEntRouteMetric4.1.4.127.0.0.1.32.2.0.1.1.4.127.0.0.1 = INTEGER: -1
ipfRouteEntRouteMetric4.1.4.192.168.0.0.24.2.0.8.1.4.192.168.0.51 = INTEGER: -1
ipfRouteEntRouteMetric4.1.4.192.168.0.255.32.2.0.1.1.4.192.168.0.51 = INTEGER: -1
ipfRouteEntRouteMetric4.1.4.224.0.0.0.4.2.0.8.1.4.127.0.0.1 = INTEGER: -1
ipfRouteEntRouteMetric5.1.4.0.0.0.0.0.2.0.8.1.4.10.0.0.1 = INTEGER: -1
ipfRouteEntRouteMetric5.1.4.0.0.0.0.0.2.0.12.1.4.192.168.0.1 = INTEGER: -1
ipfRouteEntRouteMetric5.1.4.10.0.0.0.14.2.0.4.1.4.10.1.254.121 = INTEGER: -1
ipfRouteEntRouteMetric5.1.4.10.3.255.255.32.2.0.1.1.4.10.1.254.121 = INTEGER: -1
ipfRouteEntRouteMetric5.1.4.127.0.0.0.8.2.0.8.1.4.127.0.0.1 = INTEGER: -1
ipfRouteEntRouteMetric5.1.4.127.0.0.1.32.2.0.1.1.4.127.0.0.1 = INTEGER: -1
ipfRouteEntRouteMetric5.1.4.192.168.0.0.24.2.0.8.1.4.192.168.0.51 = INTEGER: -1
ipfRouteEntRouteMetric5.1.4.192.168.0.255.32.2.0.1.1.4.192.168.0.51 = INTEGER: -1
ipfRouteEntRouteMetric5.1.4.224.0.0.0.4.2.0.8.1.4.127.0.0.1 = INTEGER: -1
ipfRouteEntStatus.1.4.0.0.0.0.0.2.0.8.1.4.10.0.0.1 = INTEGER: 1
ipfRouteEntStatus.1.4.0.0.0.0.0.2.0.12.1.4.192.168.0.1 = INTEGER: 1
ipfRouteEntStatus.1.4.10.0.0.0.14.2.0.4.1.4.10.1.254.121 = INTEGER: 1
ipfRouteEntStatus.1.4.10.3.255.255.32.2.0.1.1.4.10.1.254.121 = INTEGER: 1
ipfRouteEntStatus.1.4.127.0.0.0.8.2.0.8.1.4.127.0.0.1 = INTEGER: 1
ipfRouteEntStatus.1.4.127.0.0.1.32.2.0.1.1.4.127.0.0.1 = INTEGER: 1
ipfRouteEntStatus.1.4.192.168.0.0.24.2.0.8.1.4.192.168.0.51 = INTEGER: 1
ipfRouteEntStatus.1.4.192.168.0.255.32.2.0.1.1.4.192.168.0.51 = INTEGER: 1
ipfRouteEntStatus.1.4.224.0.0.0.4.2.0.8.1.4.127.0.0.1 = INTEGER: 1
snmpInPkts.0 = Counter32: 44417
snmpOutPkts.0 = Counter32: 44416
snmpInBadVersions.0 = Counter32: 0
snmpInBadCommunityNames.0 = Counter32: 0
snmpInBadCommunityUses.0 = Counter32: 0
snmpInASNParseErrs.0 = Counter32: 0
snmpInTooBigs.0 = Counter32: 0
snmpInNoSuchNames.0 = Counter32: 0
snmpInBadValues.0 = Counter32: 0
snmpInReadOnlys.0 = Counter32: 0
snmpInGenErrs.0 = Counter32: 0
snmpInTotalReqVars.0 = Counter32: 44417
snmpInTotalSetVars.0 = Counter32: 0
snmpInGetRequests.0 = Counter32: 44418
snmpInGetNexts.0 = Counter32: 0
snmpInSetRequests.0 = Counter32: 0
snmpInGetResponses.0 = Counter32: 0
snmpInTraps.0 = Counter32: 0
snmpOutTooBigs.0 = Counter32: 0
snmpOutNoSuchNames.0 = Counter32: 0
snmpOutBadValues.0 = Counter32: 0
snmpOutGenErrs.0 = Counter32: 0
snmpOutGetRequests.0 = Counter32: 0
snmpOutGetNexts.0 = Counter32: 0
snmpOutSetRequests.0 = Counter32: 0
snmpOutGetResponses.0 = Counter32: 0
snmpOutTraps.0 = Counter32: 0
snmpEnableAuthenTraps.0 = INTEGER: 2
snmpSilentDrops.0 = Counter32: 0
snmpProxyDrops.0 = Counter32: 0
dot1dBaseNumPorts.0 = INTEGER: 5
dot1dBaseType.0 = INTEGER: 4
dot1dBasePort.1 = INTEGER: 1
dot1dBasePort.2 = INTEGER: 2
dot1dBasePort.3 = INTEGER: 3
dot1dBasePort.4 = INTEGER: 4
dot1dBasePort.5 = INTEGER: 5
dot1dBasePortIfIndex.1 = INTEGER: 1
dot1dBasePortIfIndex.2 = INTEGER: 2
dot1dBasePortIfIndex.3 = INTEGER: 3
dot1dBasePortIfIndex.4 = INTEGER: 4
dot1dBasePortIfIndex.5 = INTEGER: 5
dot1dBasePortCircuit.1 = OID: zeroDotZero
dot1dBasePortCircuit.2 = OID: zeroDotZero
dot1dBasePortCircuit.3 = OID: zeroDotZero
dot1dBasePortCircuit.4 = OID: zeroDotZero
dot1dBasePortCircuit.5 = OID: zeroDotZero
dot1dBasePortDelayExceededDiscards.1 = Counter32: 0
dot1dBasePortDelayExceededDiscards.2 = Counter32: 0
dot1dBasePortDelayExceededDiscards.3 = Counter32: 0
dot1dBasePortDelayExceededDiscards.4 = Counter32: 0
dot1dBasePortDelayExceededDiscards.5 = Counter32: 0
dot1dBasePortMtuExceededDiscards.1 = Counter32: 0
dot1dBasePortMtuExceededDiscards.2 = Counter32: 0
dot1dBasePortMtuExceededDiscards.3 = Counter32: 0
dot1dBasePortMtuExceededDiscards.4 = Counter32: 0
dot1dBasePortMtuExceededDiscards.5 = Counter32: 0
hrSystemUptime.0 = Timeticks: (37024778) 4 day 6:50:47.78
hrSystemDate.0 = Hex-STRING: 07 E4 0C 0D 00 37 21 00 2B 01 00
hrSystemProcesses.0 = Gauge32: 119
hrSystemMaxProcesses.0 = INTEGER: 1310
hrMemorySize.0 = INTEGER: 8244068
hrStorageIndex.1 = INTEGER: 1
hrStorageIndex.2 = INTEGER: 2
hrStorageIndex.10 = INTEGER: 10
hrStorageIndex.31 = INTEGER: 31
hrStorageType.1 = OID: hrStorageTypes.2
hrStorageType.2 = OID: hrStorageTypes.2
hrStorageType.10 = OID: hrStorageTypes.3
hrStorageType.31 = OID: hrStorageTypes.4
hrStorageDescr.1 = STRING: Physical memory
hrStorageDescr.2 = STRING: Real memory
hrStorageDescr.10 = STRING: Swap space
hrStorageDescr.31 = STRING: /
hrStorageAllocationUnits.1 = INTEGER: 4096
hrStorageAllocationUnits.2 = INTEGER: 4096
hrStorageAllocationUnits.10 = INTEGER: 4096
hrStorageAllocationUnits.31 = INTEGER: 4096
hrStorageSize.1 = INTEGER: 2061017
hrStorageSize.2 = INTEGER: 2032852
hrStorageSize.10 = INTEGER: 0
hrStorageSize.31 = INTEGER: 59678734
hrStorageUsed.1 = INTEGER: 1701782
hrStorageUsed.2 = INTEGER: 1673617
hrStorageUsed.10 = INTEGER: 0
hrStorageUsed.31 = INTEGER: 55657746
hrStorageAllocationFailures.1 = Counter32: 0
hrStorageAllocationFailures.2 = Counter32: 0
hrStorageAllocationFailures.10 = Counter32: 0
hrStorageAllocationFailures.31 = Counter32: 0
hrDeviceIndex.1 = INTEGER: 1
hrDeviceIndex.2 = INTEGER: 2
hrDeviceIndex.3 = INTEGER: 3
hrDeviceIndex.4 = INTEGER: 4
hrDeviceType.1 = OID: hrDeviceProcessor
hrDeviceType.2 = OID: hrDeviceProcessor
hrDeviceType.3 = OID: hrDeviceProcessor
hrDeviceType.4 = OID: hrDeviceProcessor
hrDeviceDescr.1 = STRING: Intel(R) Core(TM) i5-7300U CPU @ 2.60GHz
hrDeviceDescr.2 = STRING: Intel(R) Core(TM) i5-7300U CPU @ 2.60GHz
hrDeviceDescr.3 = STRING: Intel(R) Core(TM) i5-7300U CPU @ 2.60GHz
hrDeviceDescr.4 = STRING: Intel(R) Core(TM) i5-7300U CPU @ 2.60GHz
hrDeviceID.1 = OID: zeroDotZero
hrDeviceID.2 = OID: zeroDotZero
hrDeviceID.3 = OID: zeroDotZero
hrDeviceID.4 = OID: zeroDotZero
hrDeviceStatus.1 = INTEGER: 2
hrDeviceStatus.2 = INTEGER: 2
hrDeviceStatus.3 = INTEGER: 2
hrDeviceStatus.4 = INTEGER: 2
hrDeviceErrors.1 = Counter32: 0
hrDeviceErrors.2 = Counter32: 0
hrDeviceErrors.3 = Counter32: 0
hrDeviceErrors.4 = Counter32: 0
hrProcessorFrwID.1 = OID: zeroDotZero
hrProcessorFrwID.2 = OID: zeroDotZero
hrProcessorFrwID.3 = OID: zeroDotZero
hrProcessorFrwID.4 = OID: zeroDotZero
hrProcessorLoad.1 = INTEGER: 11
hrProcessorLoad.2 = INTEGER: 11
hrProcessorLoad.3 = INTEGER: 0
hrProcessorLoad.4 = INTEGER: 0
hrSWRunIndex.1 = INTEGER: 1
hrSWRunIndex.428 = INTEGER: 428
hrSWRunIndex.1523 = INTEGER: 1523
hrSWRunIndex.1648 = INTEGER: 1648
hrSWRunIndex.2248 = INTEGER: 2248
hrSWRunIndex.2403 = INTEGER: 2403
hrSWRunIndex.4146 = INTEGER: 4146
hrSWRunIndex.5058 = INTEGER: 5058
hrSWRunIndex.5301 = INTEGER: 5301
hrSWRunIndex.6820 = INTEGER: 6820
hrSWRunIndex.7421 = INTEGER: 7421
hrSWRunIndex.7583 = INTEGER: 7583
hrSWRunIndex.9608 = INTEGER: 9608
hrSWRunIndex.12164 = INTEGER: 12164
hrSWRunIndex.12998 = INTEGER: 12998
hrSWRunIndex.13498 = INTEGER: 13498
hrSWRunIndex.13531 = INTEGER: 13531
hrSWRunIndex.14378 = INTEGER: 14378
hrSWRunIndex.15186 = INTEGER: 15186
hrSWRunIndex.16105 = INTEGER: 16105
hrSWRunIndex.17678 = INTEGER: 17678
hrSWRunIndex.18196 = INTEGER: 18196
hrSWRunIndex.19543 = INTEGER: 19543
hrSWRunIndex.20328 = INTEGER: 20328
hrSWRunIndex.20704 = INTEGER: 20704
hrSWRunIndex.20770 = INTEGER: 20770
hrSWRunIndex.21773 = INTEGER: 21773
hrSWRunIndex.23274 = INTEGER: 23274
hrSWRunIndex.24188 = INTEGER: 24188
hrSWRunIndex.24802 = INTEGER: 24802
hrSWRunIndex.25054 = INTEGER: 25054
hrSWRunIndex.26355 = INTEGER: 26355
hrSWRunIndex.27036 = INTEGER: 27036
hrSWRunIndex.27681 = INTEGER: 27681
hrSWRunIndex.27947 = INTEGER: 27947
hrSWRunIndex.29248 = INTEGER: 29248
hrSWRunIndex.30171 = INTEGER: 30171
hrSWRunIndex.30198 = INTEGER: 30198
hrSWRunIndex.30537 = INTEGER: 30537
hrSWRunIndex.30855 = INTEGER: 30855
hrSWRunIndex.30859 = INTEGER: 30859
hrSWRunIndex.31585 = INTEGER: 31585
hrSWRunIndex.31603 = INTEGER: 31603
hrSWRunIndex.32684 = INTEGER: 32684
hrSWRunIndex.35202 = INTEGER: 35202
hrSWRunIndex.36805 = INTEGER: 36805
hrSWRunIndex.37055 = INTEGER: 37055
hrSWRunIndex.38203 = INTEGER: 38203
hrSWRunIndex.39233 = INTEGER: 39233
hrSWRunIndex.39732 = INTEGER: 39732
hrSWRunIndex.40514 = INTEGER: 40514
hrSWRunIndex.41528 = INTEGER: 41528
hrSWRunIndex.42149 = INTEGER: 42149
hrSWRunIndex.42578 = INTEGER: 42578
hrSWRunIndex.42761 = INTEGER: 42761
hrSWRunIndex.42773 = INTEGER: 42773
hrSWRunIndex.42949 = INTEGER: 42949
hrSWRunIndex.43288 = INTEGER: 43288
hrSWRunIndex.43794 = INTEGER: 43794
hrSWRunIndex.44169 = INTEGER: 44169
hrSWRunIndex.45074 = INTEGER: 45074
hrSWRunIndex.46124 = INTEGER: 46124
hrSWRunIndex.47923 = INTEGER: 47923
hrSWRunIndex.48116 = INTEGER: 48116
hrSWRunIndex.48153 = INTEGER: 48153
hrSWRunIndex.48710 = INTEGER: 48710
hrSWRunIndex.49119 = INTEGER: 49119
hrSWRunIndex.49367 = INTEGER: 49367
hrSWRunIndex.50620 = INTEGER: 50620
hrSWRunIndex.52359 = INTEGER: 52359
hrSWRunIndex.52656 = INTEGER: 52656
hrSWRunIndex.53276 = INTEGER: 53276
hrSWRunIndex.53595 = INTEGER: 53595
hrSWRunIndex.53693 = INTEGER: 53693
hrSWRunIndex.53866 = INTEGER: 53866
hrSWRunIndex.53927 = INTEGER: 53927
hrSWRunIndex.56801 = INTEGER: 56801
hrSWRunIndex.57442 = INTEGER: 57442
hrSWRunIndex.57894 = INTEGER: 57894
hrSWRunIndex.60894 = INTEGER: 60894
hrSWRunIndex.62042 = INTEGER: 62042
hrSWRunIndex.63081 = INTEGER: 63081
hrSWRunIndex.63811 = INTEGER: 63811
hrSWRunIndex.64311 = INTEGER: 64311
hrSWRunIndex.64732 = INTEGER: 64732
hrSWRunIndex.64734 = INTEGER: 64734
hrSWRunIndex.65503 = INTEGER: 65503
hrSWRunIndex.66704 = INTEGER: 66704
hrSWRunIndex.69076 = INTEGER: 69076
hrSWRunIndex.69540 = INTEGER: 69540
hrSWRunIndex.69804 = INTEGER: 69804
hrSWRunIndex.70050 = INTEGER: 70050
hrSWRunIndex.70846 = INTEGER: 70846
hrSWRunIndex.71612 = INTEGER: 71612
hrSWRunIndex.72284 = INTEGER: 72284
hrSWRunIndex.72612 = INTEGER: 72612
hrSWRunIndex.77074 = INTEGER: 77074
hrSWRunIndex.77917 = INTEGER: 77917
hrSWRunIndex.78006 = INTEGER: 78006
hrSWRunIndex.81383 = INTEGER: 81383
hrSWRunIndex.81942 = INTEGER: 81942
hrSWRunIndex.81961 = INTEGER: 81961
hrSWRunIndex.84003 = INTEGER: 84003
hrSWRunIndex.84058 = INTEGER: 84058
hrSWRunIndex.84693 = INTEGER: 84693
hrSWRunIndex.86149 = INTEGER: 86149
hrSWRunIndex.86626 = INTEGER: 86626
hrSWRunIndex.86749 = INTEGER: 86749
hrSWRunIndex.88108 = INTEGER: 88108
hrSWRunIndex.88157 = INTEGER: 88157
hrSWRunIndex.88549 = INTEGER: 88549
hrSWRunIndex.89212 = INTEGER: 89212
hrSWRunIndex.90202 = INTEGER: 90202
hrSWRunIndex.90408 = INTEGER: 90408
hrSWRunIndex.94849 = INTEGER: 94849
hrSWRunIndex.97078 = INTEGER: 97078
hrSWRunIndex.97911 = INTEGER: 97911
hrSWRunIndex.98776 = INTEGER: 98776
hrSWRunIndex.98907 = INTEGER: 98907
hrSWRunName.1 = STRING: init
hrSWRunName.428 = STRING: mutt
hrSWRunName.1523 = STRING: syslogd
hrSWRunName.1648 = STRING: ksh
hrSWRunName.2248 = STRING: getty
hrSWRunName.2403 = STRING: chrome
hrSWRunName.4146 = STRING: xconsole
hrSWRunName.5058 = STRING: httpd
hrSWRunName.5301 = STRING: st
hrSWRunName.6820 = STRING: chrome
hrSWRunName.7421 = STRING: st
hrSWRunName.7583 = STRING: sh
hrSWRunName.9608 = STRING: st
hrSWRunName.12164 = STRING: ksh
hrSWRunName.12998 = STRING: httpd
hrSWRunName.13498 = STRING: ksh
hrSWRunName.13531 = STRING: smtpd
hrSWRunName.14378 = STRING: dbus-daemon
hrSWRunName.15186 = STRING: chrome
hrSWRunName.16105 = STRING: wpa_supplicant
hrSWRunName.17678 = STRING: dbus-launch
hrSWRunName.18196 = STRING: firefox
hrSWRunName.19543 = STRING: firefox
hrSWRunName.20328 = STRING: httpd
hrSWRunName.20704 = STRING: firefox
hrSWRunName.20770 = STRING: ksh
hrSWRunName.21773 = STRING: dbus-daemon
hrSWRunName.23274 = STRING: pflogd
hrSWRunName.24188 = STRING: firefox
hrSWRunName.24802 = STRING: getty
hrSWRunName.25054 = STRING: firefox
hrSWRunName.26355 = STRING: smtpd
hrSWRunName.27036 = STRING: dhclient
hrSWRunName.27681 = STRING: sndiod
hrSWRunName.27947 = STRING: smtpd
hrSWRunName.29248 = STRING: sndiod
hrSWRunName.30171 = STRING: getty
hrSWRunName.30198 = STRING: firefox
hrSWRunName.30537 = STRING: slstatus
hrSWRunName.30855 = STRING: ksh
hrSWRunName.30859 = STRING: ksh
hrSWRunName.31585 = STRING: httpd
hrSWRunName.31603 = STRING: ftpd
hrSWRunName.32684 = STRING: chrome
hrSWRunName.35202 = STRING: firefox
hrSWRunName.36805 = STRING: getty
hrSWRunName.37055 = STRING: Xorg
hrSWRunName.38203 = STRING: mpd
hrSWRunName.39233 = STRING: httpd
hrSWRunName.39732 = STRING: st
hrSWRunName.40514 = STRING: ksh
hrSWRunName.41528 = STRING: xenodm
hrSWRunName.42149 = STRING: apmd
hrSWRunName.42578 = STRING: sh
hrSWRunName.42761 = STRING: sh
hrSWRunName.42773 = STRING: st
hrSWRunName.42949 = STRING: chrome
hrSWRunName.43288 = STRING: dhclient
hrSWRunName.43794 = STRING: getty
hrSWRunName.44169 = STRING: chrome
hrSWRunName.45074 = STRING: at-spi2-registry
hrSWRunName.46124 = STRING: dhclient
hrSWRunName.47923 = STRING: st
hrSWRunName.48116 = STRING: ntpd
hrSWRunName.48153 = STRING: snmpd
hrSWRunName.48710 = STRING: cron
hrSWRunName.49119 = STRING: ksh
hrSWRunName.49367 = STRING: ssh
hrSWRunName.50620 = STRING: chrome
hrSWRunName.52359 = STRING: sleep
hrSWRunName.52656 = STRING: firefox
hrSWRunName.53276 = STRING: ksh
hrSWRunName.53595 = STRING: chrome
hrSWRunName.53693 = STRING: chrome
hrSWRunName.53866 = STRING: chrome
hrSWRunName.53927 = STRING: chrome
hrSWRunName.56801 = STRING: slaacd
hrSWRunName.57442 = STRING: chrome
hrSWRunName.57894 = STRING: smtpd
hrSWRunName.60894 = STRING: ksh
hrSWRunName.62042 = STRING: gpg-agent
hrSWRunName.63081 = STRING: st
hrSWRunName.63811 = STRING: chrome
hrSWRunName.64311 = STRING: chrome
hrSWRunName.64732 = STRING: ksh
hrSWRunName.64734 = STRING: st
hrSWRunName.65503 = STRING: at-spi-bus-launc
hrSWRunName.66704 = STRING: slaacd
hrSWRunName.69076 = STRING: slowcgi
hrSWRunName.69540 = STRING: pflogd
hrSWRunName.69804 = STRING: st
hrSWRunName.70050 = STRING: ntpd
hrSWRunName.70846 = STRING: Xorg
hrSWRunName.71612 = STRING: ksh
hrSWRunName.72284 = STRING: slaacd
hrSWRunName.72612 = STRING: chrome
hrSWRunName.77074 = STRING: ssh-agent
hrSWRunName.77917 = STRING: ksh
hrSWRunName.78006 = STRING: vim
hrSWRunName.81383 = STRING: snmpd
hrSWRunName.81942 = STRING: tor
hrSWRunName.81961 = STRING: xenodm
hrSWRunName.84003 = STRING: smtpd
hrSWRunName.84058 = STRING: smtpd
hrSWRunName.84693 = STRING: firefox
hrSWRunName.86149 = STRING: hotplugd
hrSWRunName.86626 = STRING: syslogd
hrSWRunName.86749 = STRING: sshd
hrSWRunName.88108 = STRING: xconsole
hrSWRunName.88157 = STRING: ntpd
hrSWRunName.88549 = STRING: snmpd
hrSWRunName.89212 = STRING: dhclient
hrSWRunName.90202 = STRING: snmp
hrSWRunName.90408 = STRING: tmux
hrSWRunName.94849 = STRING: tmux
hrSWRunName.97078 = STRING: mumble
hrSWRunName.97911 = STRING: smtpd
hrSWRunName.98776 = STRING: dwm
hrSWRunName.98907 = STRING: chrome
hrSWRunID.1 = OID: zeroDotZero
hrSWRunID.428 = OID: zeroDotZero
hrSWRunID.1523 = OID: zeroDotZero
hrSWRunID.1648 = OID: zeroDotZero
hrSWRunID.2248 = OID: zeroDotZero
hrSWRunID.2403 = OID: zeroDotZero
hrSWRunID.4146 = OID: zeroDotZero
hrSWRunID.5058 = OID: zeroDotZero
hrSWRunID.5301 = OID: zeroDotZero
hrSWRunID.6820 = OID: zeroDotZero
hrSWRunID.7421 = OID: zeroDotZero
hrSWRunID.7583 = OID: zeroDotZero
hrSWRunID.9608 = OID: zeroDotZero
hrSWRunID.12164 = OID: zeroDotZero
hrSWRunID.12998 = OID: zeroDotZero
hrSWRunID.13498 = OID: zeroDotZero
hrSWRunID.13531 = OID: zeroDotZero
hrSWRunID.14378 = OID: zeroDotZero
hrSWRunID.15186 = OID: zeroDotZero
hrSWRunID.16105 = OID: zeroDotZero
hrSWRunID.17678 = OID: zeroDotZero
hrSWRunID.18196 = OID: zeroDotZero
hrSWRunID.19543 = OID: zeroDotZero
hrSWRunID.20328 = OID: zeroDotZero
hrSWRunID.20704 = OID: zeroDotZero
hrSWRunID.20770 = OID: zeroDotZero
hrSWRunID.21773 = OID: zeroDotZero
hrSWRunID.23274 = OID: zeroDotZero
hrSWRunID.24188 = OID: zeroDotZero
hrSWRunID.24802 = OID: zeroDotZero
hrSWRunID.25054 = OID: zeroDotZero
hrSWRunID.26355 = OID: zeroDotZero
hrSWRunID.27036 = OID: zeroDotZero
hrSWRunID.27681 = OID: zeroDotZero
hrSWRunID.27947 = OID: zeroDotZero
hrSWRunID.29248 = OID: zeroDotZero
hrSWRunID.30171 = OID: zeroDotZero
hrSWRunID.30198 = OID: zeroDotZero
hrSWRunID.30537 = OID: zeroDotZero
hrSWRunID.30855 = OID: zeroDotZero
hrSWRunID.30859 = OID: zeroDotZero
hrSWRunID.31585 = OID: zeroDotZero
hrSWRunID.31603 = OID: zeroDotZero
hrSWRunID.32684 = OID: zeroDotZero
hrSWRunID.35202 = OID: zeroDotZero
hrSWRunID.36805 = OID: zeroDotZero
hrSWRunID.37055 = OID: zeroDotZero
hrSWRunID.38203 = OID: zeroDotZero
hrSWRunID.39233 = OID: zeroDotZero
hrSWRunID.39732 = OID: zeroDotZero
hrSWRunID.40514 = OID: zeroDotZero
hrSWRunID.41528 = OID: zeroDotZero
hrSWRunID.42149 = OID: zeroDotZero
hrSWRunID.42578 = OID: zeroDotZero
hrSWRunID.42761 = OID: zeroDotZero
hrSWRunID.42773 = OID: zeroDotZero
hrSWRunID.42949 = OID: zeroDotZero
hrSWRunID.43288 = OID: zeroDotZero
hrSWRunID.43794 = OID: zeroDotZero
hrSWRunID.44169 = OID: zeroDotZero
hrSWRunID.45074 = OID: zeroDotZero
hrSWRunID.46124 = OID: zeroDotZero
hrSWRunID.47923 = OID: zeroDotZero
hrSWRunID.48116 = OID: zeroDotZero
hrSWRunID.48153 = OID: zeroDotZero
hrSWRunID.48710 = OID: zeroDotZero
hrSWRunID.49119 = OID: zeroDotZero
hrSWRunID.49367 = OID: zeroDotZero
hrSWRunID.50620 = OID: zeroDotZero
hrSWRunID.52359 = OID: zeroDotZero
hrSWRunID.52656 = OID: zeroDotZero
hrSWRunID.53276 = OID: zeroDotZero
hrSWRunID.53595 = OID: zeroDotZero
hrSWRunID.53693 = OID: zeroDotZero
hrSWRunID.53866 = OID: zeroDotZero
hrSWRunID.53927 = OID: zeroDotZero
hrSWRunID.56801 = OID: zeroDotZero
hrSWRunID.57442 = OID: zeroDotZero
hrSWRunID.57894 = OID: zeroDotZero
hrSWRunID.60894 = OID: zeroDotZero
hrSWRunID.62042 = OID: zeroDotZero
hrSWRunID.63081 = OID: zeroDotZero
hrSWRunID.63811 = OID: zeroDotZero
hrSWRunID.64311 = OID: zeroDotZero
hrSWRunID.64732 = OID: zeroDotZero
hrSWRunID.64734 = OID: zeroDotZero
hrSWRunID.65503 = OID: zeroDotZero
hrSWRunID.66704 = OID: zeroDotZero
hrSWRunID.69076 = OID: zeroDotZero
hrSWRunID.69540 = OID: zeroDotZero
hrSWRunID.69804 = OID: zeroDotZero
hrSWRunID.70050 = OID: zeroDotZero
hrSWRunID.70846 = OID: zeroDotZero
hrSWRunID.71612 = OID: zeroDotZero
hrSWRunID.72284 = OID: zeroDotZero
hrSWRunID.72612 = OID: zeroDotZero
hrSWRunID.77074 = OID: zeroDotZero
hrSWRunID.77917 = OID: zeroDotZero
hrSWRunID.78006 = OID: zeroDotZero
hrSWRunID.81383 = OID: zeroDotZero
hrSWRunID.81942 = OID: zeroDotZero
hrSWRunID.81961 = OID: zeroDotZero
hrSWRunID.84003 = OID: zeroDotZero
hrSWRunID.84058 = OID: zeroDotZero
hrSWRunID.84693 = OID: zeroDotZero
hrSWRunID.86149 = OID: zeroDotZero
hrSWRunID.86626 = OID: zeroDotZero
hrSWRunID.86749 = OID: zeroDotZero
hrSWRunID.88108 = OID: zeroDotZero
hrSWRunID.88157 = OID: zeroDotZero
hrSWRunID.88549 = OID: zeroDotZero
hrSWRunID.89212 = OID: zeroDotZero
hrSWRunID.90202 = OID: zeroDotZero
hrSWRunID.90408 = OID: zeroDotZero
hrSWRunID.94849 = OID: zeroDotZero
hrSWRunID.97078 = OID: zeroDotZero
hrSWRunID.97911 = OID: zeroDotZero
hrSWRunID.98776 = OID: zeroDotZero
hrSWRunID.98907 = OID: zeroDotZero
hrSWRunPath.1 = STRING: init
hrSWRunPath.428 = STRING: mutt
hrSWRunPath.1523 = STRING: syslogd
hrSWRunPath.1648 = STRING: ksh
hrSWRunPath.2248 = STRING: getty
hrSWRunPath.2403 = STRING: chrome
hrSWRunPath.4146 = STRING: xconsole
hrSWRunPath.5058 = STRING: httpd
hrSWRunPath.5301 = STRING: st
hrSWRunPath.6820 = STRING: chrome
hrSWRunPath.7421 = STRING: st
hrSWRunPath.7583 = STRING: sh
hrSWRunPath.9608 = STRING: st
hrSWRunPath.12164 = STRING: ksh
hrSWRunPath.12998 = STRING: httpd
hrSWRunPath.13498 = STRING: ksh
hrSWRunPath.13531 = STRING: smtpd
hrSWRunPath.14378 = STRING: dbus-daemon
hrSWRunPath.15186 = STRING: chrome
hrSWRunPath.16105 = STRING: wpa_supplicant
hrSWRunPath.17678 = STRING: dbus-launch
hrSWRunPath.18196 = STRING: firefox
hrSWRunPath.19543 = STRING: firefox
hrSWRunPath.20328 = STRING: httpd
hrSWRunPath.20704 = STRING: firefox
hrSWRunPath.20770 = STRING: ksh
hrSWRunPath.21773 = STRING: dbus-daemon
hrSWRunPath.23274 = STRING: pflogd
hrSWRunPath.24188 = STRING: firefox
hrSWRunPath.24802 = STRING: getty
hrSWRunPath.25054 = STRING: firefox
hrSWRunPath.26355 = STRING: smtpd
hrSWRunPath.27036 = STRING: dhclient
hrSWRunPath.27681 = STRING: sndiod
hrSWRunPath.27947 = STRING: smtpd
hrSWRunPath.29248 = STRING: sndiod
hrSWRunPath.30171 = STRING: getty
hrSWRunPath.30198 = STRING: firefox
hrSWRunPath.30537 = STRING: slstatus
hrSWRunPath.30855 = STRING: ksh
hrSWRunPath.30859 = STRING: ksh
hrSWRunPath.31585 = STRING: httpd
hrSWRunPath.31603 = STRING: ftpd
hrSWRunPath.32684 = STRING: chrome
hrSWRunPath.35202 = STRING: firefox
hrSWRunPath.36805 = STRING: getty
hrSWRunPath.37055 = STRING: Xorg
hrSWRunPath.38203 = STRING: mpd
hrSWRunPath.39233 = STRING: httpd
hrSWRunPath.39732 = STRING: st
hrSWRunPath.40514 = STRING: ksh
hrSWRunPath.41528 = STRING: xenodm
hrSWRunPath.42149 = STRING: apmd
hrSWRunPath.42578 = STRING: sh
hrSWRunPath.42761 = STRING: sh
hrSWRunPath.42773 = STRING: st
hrSWRunPath.42949 = STRING: chrome
hrSWRunPath.43288 = STRING: dhclient
hrSWRunPath.43794 = STRING: getty
hrSWRunPath.44169 = STRING: chrome
hrSWRunPath.45074 = STRING: at-spi2-registry
hrSWRunPath.46124 = STRING: dhclient
hrSWRunPath.47923 = STRING: st
hrSWRunPath.48116 = STRING: ntpd
hrSWRunPath.48153 = STRING: snmpd
hrSWRunPath.48710 = STRING: cron
hrSWRunPath.49119 = STRING: ksh
hrSWRunPath.49367 = STRING: ssh
hrSWRunPath.50620 = STRING: chrome
hrSWRunPath.52359 = STRING: sleep
hrSWRunPath.52656 = STRING: firefox
hrSWRunPath.53276 = STRING: ksh
hrSWRunPath.53595 = STRING: chrome
hrSWRunPath.53693 = STRING: chrome
hrSWRunPath.53866 = STRING: chrome
hrSWRunPath.53927 = STRING: chrome
hrSWRunPath.56801 = STRING: slaacd
hrSWRunPath.57442 = STRING: chrome
hrSWRunPath.57894 = STRING: smtpd
hrSWRunPath.60894 = STRING: ksh
hrSWRunPath.62042 = STRING: gpg-agent
hrSWRunPath.63081 = STRING: st
hrSWRunPath.63811 = STRING: chrome
hrSWRunPath.64311 = STRING: chrome
hrSWRunPath.64732 = STRING: ksh
hrSWRunPath.64734 = STRING: st
hrSWRunPath.65503 = STRING: at-spi-bus-launc
hrSWRunPath.66704 = STRING: slaacd
hrSWRunPath.69076 = STRING: slowcgi
hrSWRunPath.69540 = STRING: pflogd
hrSWRunPath.69804 = STRING: st
hrSWRunPath.70050 = STRING: ntpd
hrSWRunPath.70846 = STRING: Xorg
hrSWRunPath.71612 = STRING: ksh
hrSWRunPath.72284 = STRING: slaacd
hrSWRunPath.72612 = STRING: chrome
hrSWRunPath.77074 = STRING: ssh-agent
hrSWRunPath.77917 = STRING: ksh
hrSWRunPath.78006 = STRING: vim
hrSWRunPath.81383 = STRING: snmpd
hrSWRunPath.81942 = STRING: tor
hrSWRunPath.81961 = STRING: xenodm
hrSWRunPath.84003 = STRING: smtpd
hrSWRunPath.84058 = STRING: smtpd
hrSWRunPath.84693 = STRING: firefox
hrSWRunPath.86149 = STRING: hotplugd
hrSWRunPath.86626 = STRING: syslogd
hrSWRunPath.86749 = STRING: sshd
hrSWRunPath.88108 = STRING: xconsole
hrSWRunPath.88157 = STRING: ntpd
hrSWRunPath.88549 = STRING: snmpd
hrSWRunPath.89212 = STRING: dhclient
hrSWRunPath.90202 = STRING: snmp
hrSWRunPath.90408 = STRING: tmux
hrSWRunPath.94849 = STRING: tmux
hrSWRunPath.97078 = STRING: mumble
hrSWRunPath.97911 = STRING: smtpd
hrSWRunPath.98776 = STRING: dwm
hrSWRunPath.98907 = STRING: chrome
hrSWRunParameters.1 = STRING: 
hrSWRunParameters.428 = STRING: 
hrSWRunParameters.1523 = STRING: 
hrSWRunParameters.1648 = STRING: 
hrSWRunParameters.2248 = STRING: std.9600 ttyC0
hrSWRunParameters.2403 = STRING: 
hrSWRunParameters.4146 = STRING: 
hrSWRunParameters.5058 = STRING: 
hrSWRunParameters.5301 = STRING: -e /bin/ksh -l
hrSWRunParameters.6820 = STRING: 
hrSWRunParameters.7421 = STRING: -e /bin/ksh -l
hrSWRunParameters.7583 = STRING: /home/younix/bin/chrome
hrSWRunParameters.9608 = STRING: -e /bin/ksh -l
hrSWRunParameters.12164 = STRING: -l
hrSWRunParameters.12998 = STRING: 
hrSWRunParameters.13498 = STRING: -l
hrSWRunParameters.13531 = STRING: 
hrSWRunParameters.14378 = STRING: --syslog-only --fork --print-pid 5 --print-address 7 --session
hrSWRunParameters.15186 = STRING: 
hrSWRunParameters.16105 = STRING: -B -c /etc/wpa_supplicant.conf -D openbsd -i iwm0
hrSWRunParameters.17678 = STRING: --autolaunch afe1e69af32d0d7ee8ce2f4c5adaa073 --binary-syntax --close-stderr
hrSWRunParameters.18196 = STRING: -contentproc -childID 9 -isForBrowser -prefsLen 7513 -prefMapSize 223683 -parentBuildID 20200912190328 -appdir /usr/local/lib/f
hrSWRunParameters.19543 = STRING: -contentproc -childID 11 -isForBrowser -prefsLen 7561 -prefMapSize 223683 -parentBuildID 20200912190328 -appdir /usr/local/lib/
hrSWRunParameters.20328 = STRING: 
hrSWRunParameters.20704 = STRING: 
hrSWRunParameters.20770 = STRING: -l
hrSWRunParameters.21773 = STRING: --config-file=/usr/local/share/defaults/at-spi2/accessibility.conf --nofork --print-address 3
hrSWRunParameters.23274 = STRING: 
hrSWRunParameters.24188 = STRING: -contentproc -childID 2 -isForBrowser -prefsLen 244 -prefMapSize 223683 -parentBuildID 20200912190328 -appdir /usr/local/lib/fi
hrSWRunParameters.24802 = STRING: std.9600 ttyC5
hrSWRunParameters.25054 = STRING: -contentproc -childID 12 -isForBrowser -prefsLen 7836 -prefMapSize 223683 -parentBuildID 20200912190328 -appdir /usr/local/lib/
hrSWRunParameters.26355 = STRING: 
hrSWRunParameters.27036 = STRING: 
hrSWRunParameters.27681 = STRING: 
hrSWRunParameters.27947 = STRING: 
hrSWRunParameters.29248 = STRING: 
hrSWRunParameters.30171 = STRING: std.9600 ttyC1
hrSWRunParameters.30198 = STRING: -contentproc -childID 1 -isForBrowser -prefsLen 1 -prefMapSize 223683 -parentBuildID 20200912190328 -appdir /usr/local/lib/fire
hrSWRunParameters.30537 = STRING: 
hrSWRunParameters.30855 = STRING: -l
hrSWRunParameters.30859 = STRING: 
hrSWRunParameters.31585 = STRING: 
hrSWRunParameters.31603 = STRING: -D -A -d
hrSWRunParameters.32684 = STRING: 
hrSWRunParameters.35202 = STRING: -contentproc -childID 3 -isForBrowser -prefsLen 6397 -prefMapSize 223683 -parentBuildID 20200912190328 -appdir /usr/local/lib/f
hrSWRunParameters.36805 = STRING: std.9600 ttyC3
hrSWRunParameters.37055 = STRING: 
hrSWRunParameters.38203 = STRING: 
hrSWRunParameters.39233 = STRING: 
hrSWRunParameters.39732 = STRING: -e /bin/ksh -l
hrSWRunParameters.40514 = STRING: 
hrSWRunParameters.41528 = STRING: 
hrSWRunParameters.42149 = STRING: -A
hrSWRunParameters.42578 = STRING: /home/younix/bin/getmail
hrSWRunParameters.42761 = STRING: /etc/X11/xenodm/Xsession
hrSWRunParameters.42773 = STRING: -e /bin/ksh -l
hrSWRunParameters.42949 = STRING: 
hrSWRunParameters.43288 = STRING: 
hrSWRunParameters.43794 = STRING: std.9600 ttyC2
hrSWRunParameters.44169 = STRING: 
hrSWRunParameters.45074 = STRING: 
hrSWRunParameters.46124 = STRING: 
hrSWRunParameters.47923 = STRING: -e /bin/ksh -l
hrSWRunParameters.48116 = STRING: 
hrSWRunParameters.48153 = STRING: 
hrSWRunParameters.48710 = STRING: 
hrSWRunParameters.49119 = STRING: -l
hrSWRunParameters.49367 = STRING: chat
hrSWRunParameters.50620 = STRING: 
hrSWRunParameters.52359 = STRING: 60
hrSWRunParameters.52656 = STRING: -contentproc -childID 5 -isForBrowser -prefsLen 7468 -prefMapSize 223683 -parentBuildID 20200912190328 -appdir /usr/local/lib/f
hrSWRunParameters.53276 = STRING: 
hrSWRunParameters.53595 = STRING: 
hrSWRunParameters.53693 = STRING: 
hrSWRunParameters.53866 = STRING: 
hrSWRunParameters.53927 = STRING: 
hrSWRunParameters.56801 = STRING: 
hrSWRunParameters.57442 = STRING: 
hrSWRunParameters.57894 = STRING: 
hrSWRunParameters.60894 = STRING: -l
hrSWRunParameters.62042 = STRING: --homedir /home/younix/.gnupg --use-standard-socket --daemon
hrSWRunParameters.63081 = STRING: -e /bin/ksh -l
hrSWRunParameters.63811 = STRING: 
hrSWRunParameters.64311 = STRING: 
hrSWRunParameters.64732 = STRING: -l
hrSWRunParameters.64734 = STRING: -e /bin/ksh -l
hrSWRunParameters.65503 = STRING: 
hrSWRunParameters.66704 = STRING: 
hrSWRunParameters.69076 = STRING: 
hrSWRunParameters.69540 = STRING: 
hrSWRunParameters.69804 = STRING: -e /bin/ksh -l
hrSWRunParameters.70050 = STRING: 
hrSWRunParameters.70846 = STRING: :0 vt05 -auth /etc/X11/xenodm/authdir/authfiles/A:0-DsnE9a
hrSWRunParameters.71612 = STRING: -l
hrSWRunParameters.72284 = STRING: 
hrSWRunParameters.72612 = STRING: 
hrSWRunParameters.77074 = STRING: -s
hrSWRunParameters.77917 = STRING: -l
hrSWRunParameters.78006 = STRING: /home/younix/diff/snmpd-human.diff
hrSWRunParameters.81383 = STRING: 
hrSWRunParameters.81942 = STRING: 
hrSWRunParameters.81961 = STRING: 
hrSWRunParameters.84003 = STRING: 
hrSWRunParameters.84058 = STRING: 
hrSWRunParameters.84693 = STRING: -contentproc -childID 10 -isForBrowser -prefsLen 7513 -prefMapSize 223683 -parentBuildID 20200912190328 -appdir /usr/local/lib/
hrSWRunParameters.86149 = STRING: 
hrSWRunParameters.86626 = STRING: 
hrSWRunParameters.86749 = STRING: 
hrSWRunParameters.88108 = STRING: 
hrSWRunParameters.88157 = STRING: 
hrSWRunParameters.88549 = STRING: 
hrSWRunParameters.89212 = STRING: 
hrSWRunParameters.90202 = STRING: bulkwalk 127.0.0.1
hrSWRunParameters.90408 = STRING: 
hrSWRunParameters.94849 = STRING: 
hrSWRunParameters.97078 = STRING: 
hrSWRunParameters.97911 = STRING: 
hrSWRunParameters.98776 = STRING: 
hrSWRunParameters.98907 = STRING: 
hrSWRunType.1 = INTEGER: 4
hrSWRunType.428 = INTEGER: 4
hrSWRunType.1523 = INTEGER: 4
hrSWRunType.1648 = INTEGER: 4
hrSWRunType.2248 = INTEGER: 4
hrSWRunType.2403 = INTEGER: 4
hrSWRunType.4146 = INTEGER: 4
hrSWRunType.5058 = INTEGER: 4
hrSWRunType.5301 = INTEGER: 4
hrSWRunType.6820 = INTEGER: 4
hrSWRunType.7421 = INTEGER: 4
hrSWRunType.7583 = INTEGER: 4
hrSWRunType.9608 = INTEGER: 4
hrSWRunType.12164 = INTEGER: 4
hrSWRunType.12998 = INTEGER: 4
hrSWRunType.13498 = INTEGER: 4
hrSWRunType.13531 = INTEGER: 4
hrSWRunType.14378 = INTEGER: 4
hrSWRunType.15186 = INTEGER: 4
hrSWRunType.16105 = INTEGER: 4
hrSWRunType.17678 = INTEGER: 4
hrSWRunType.18196 = INTEGER: 4
hrSWRunType.19543 = INTEGER: 4
hrSWRunType.20328 = INTEGER: 4
hrSWRunType.20704 = INTEGER: 4
hrSWRunType.20770 = INTEGER: 4
hrSWRunType.21773 = INTEGER: 4
hrSWRunType.23274 = INTEGER: 4
hrSWRunType.24188 = INTEGER: 4
hrSWRunType.24802 = INTEGER: 4
hrSWRunType.25054 = INTEGER: 4
hrSWRunType.26355 = INTEGER: 4
hrSWRunType.27036 = INTEGER: 4
hrSWRunType.27681 = INTEGER: 4
hrSWRunType.27947 = INTEGER: 4
hrSWRunType.29248 = INTEGER: 4
hrSWRunType.30171 = INTEGER: 4
hrSWRunType.30198 = INTEGER: 4
hrSWRunType.30537 = INTEGER: 4
hrSWRunType.30855 = INTEGER: 4
hrSWRunType.30859 = INTEGER: 4
hrSWRunType.31585 = INTEGER: 4
hrSWRunType.31603 = INTEGER: 4
hrSWRunType.32684 = INTEGER: 4
hrSWRunType.35202 = INTEGER: 4
hrSWRunType.36805 = INTEGER: 4
hrSWRunType.37055 = INTEGER: 4
hrSWRunType.38203 = INTEGER: 4
hrSWRunType.39233 = INTEGER: 4
hrSWRunType.39732 = INTEGER: 4
hrSWRunType.40514 = INTEGER: 4
hrSWRunType.41528 = INTEGER: 4
hrSWRunType.42149 = INTEGER: 4
hrSWRunType.42578 = INTEGER: 4
hrSWRunType.42761 = INTEGER: 4
hrSWRunType.42773 = INTEGER: 4
hrSWRunType.42949 = INTEGER: 4
hrSWRunType.43288 = INTEGER: 4
hrSWRunType.43794 = INTEGER: 4
hrSWRunType.44169 = INTEGER: 4
hrSWRunType.45074 = INTEGER: 4
hrSWRunType.46124 = INTEGER: 4
hrSWRunType.47923 = INTEGER: 4
hrSWRunType.48116 = INTEGER: 4
hrSWRunType.48153 = INTEGER: 4
hrSWRunType.48710 = INTEGER: 4
hrSWRunType.49119 = INTEGER: 4
hrSWRunType.49367 = INTEGER: 4
hrSWRunType.50620 = INTEGER: 4
hrSWRunType.52359 = INTEGER: 4
hrSWRunType.52656 = INTEGER: 4
hrSWRunType.53276 = INTEGER: 4
hrSWRunType.53595 = INTEGER: 4
hrSWRunType.53693 = INTEGER: 4
hrSWRunType.53866 = INTEGER: 4
hrSWRunType.53927 = INTEGER: 4
hrSWRunType.56801 = INTEGER: 4
hrSWRunType.57442 = INTEGER: 4
hrSWRunType.57894 = INTEGER: 4
hrSWRunType.60894 = INTEGER: 4
hrSWRunType.62042 = INTEGER: 4
hrSWRunType.63081 = INTEGER: 4
hrSWRunType.63811 = INTEGER: 4
hrSWRunType.64311 = INTEGER: 4
hrSWRunType.64732 = INTEGER: 4
hrSWRunType.64734 = INTEGER: 4
hrSWRunType.65503 = INTEGER: 4
hrSWRunType.66704 = INTEGER: 4
hrSWRunType.69076 = INTEGER: 4
hrSWRunType.69540 = INTEGER: 4
hrSWRunType.69804 = INTEGER: 4
hrSWRunType.70050 = INTEGER: 4
hrSWRunType.70846 = INTEGER: 4
hrSWRunType.71612 = INTEGER: 4
hrSWRunType.72284 = INTEGER: 4
hrSWRunType.72612 = INTEGER: 4
hrSWRunType.77074 = INTEGER: 4
hrSWRunType.77917 = INTEGER: 4
hrSWRunType.78006 = INTEGER: 4
hrSWRunType.81383 = INTEGER: 4
hrSWRunType.81942 = INTEGER: 4
hrSWRunType.81961 = INTEGER: 4
hrSWRunType.84003 = INTEGER: 4
hrSWRunType.84058 = INTEGER: 4
hrSWRunType.84693 = INTEGER: 4
hrSWRunType.86149 = INTEGER: 4
hrSWRunType.86626 = INTEGER: 4
hrSWRunType.86749 = INTEGER: 4
hrSWRunType.88108 = INTEGER: 4
hrSWRunType.88157 = INTEGER: 4
hrSWRunType.88549 = INTEGER: 4
hrSWRunType.89212 = INTEGER: 4
hrSWRunType.90202 = INTEGER: 4
hrSWRunType.90408 = INTEGER: 4
hrSWRunType.94849 = INTEGER: 4
hrSWRunType.97078 = INTEGER: 4
hrSWRunType.97911 = INTEGER: 4
hrSWRunType.98776 = INTEGER: 4
hrSWRunType.98907 = INTEGER: 4
hrSWRunStatus.1 = INTEGER: 2
hrSWRunStatus.428 = INTEGER: 2
hrSWRunStatus.1523 = INTEGER: 2
hrSWRunStatus.1648 = INTEGER: 2
hrSWRunStatus.2248 = INTEGER: 2
hrSWRunStatus.2403 = INTEGER: 2
hrSWRunStatus.4146 = INTEGER: 2
hrSWRunStatus.5058 = INTEGER: 2
hrSWRunStatus.5301 = INTEGER: 2
hrSWRunStatus.6820 = INTEGER: 2
hrSWRunStatus.7421 = INTEGER: 2
hrSWRunStatus.7583 = INTEGER: 2
hrSWRunStatus.9608 = INTEGER: 2
hrSWRunStatus.12164 = INTEGER: 2
hrSWRunStatus.12998 = INTEGER: 2
hrSWRunStatus.13498 = INTEGER: 2
hrSWRunStatus.13531 = INTEGER: 2
hrSWRunStatus.14378 = INTEGER: 2
hrSWRunStatus.15186 = INTEGER: 2
hrSWRunStatus.16105 = INTEGER: 2
hrSWRunStatus.17678 = INTEGER: 2
hrSWRunStatus.18196 = INTEGER: 2
hrSWRunStatus.19543 = INTEGER: 2
hrSWRunStatus.20328 = INTEGER: 2
hrSWRunStatus.20704 = INTEGER: 2
hrSWRunStatus.20770 = INTEGER: 2
hrSWRunStatus.21773 = INTEGER: 2
hrSWRunStatus.23274 = INTEGER: 2
hrSWRunStatus.24188 = INTEGER: 2
hrSWRunStatus.24802 = INTEGER: 2
hrSWRunStatus.25054 = INTEGER: 2
hrSWRunStatus.26355 = INTEGER: 2
hrSWRunStatus.27036 = INTEGER: 2
hrSWRunStatus.27681 = INTEGER: 2
hrSWRunStatus.27947 = INTEGER: 2
hrSWRunStatus.29248 = INTEGER: 2
hrSWRunStatus.30171 = INTEGER: 2
hrSWRunStatus.30198 = INTEGER: 2
hrSWRunStatus.30537 = INTEGER: 2
hrSWRunStatus.30855 = INTEGER: 2
hrSWRunStatus.30859 = INTEGER: 2
hrSWRunStatus.31585 = INTEGER: 2
hrSWRunStatus.31603 = INTEGER: 2
hrSWRunStatus.32684 = INTEGER: 2
hrSWRunStatus.35202 = INTEGER: 2
hrSWRunStatus.36805 = INTEGER: 2
hrSWRunStatus.37055 = INTEGER: 2
hrSWRunStatus.38203 = INTEGER: 2
hrSWRunStatus.39233 = INTEGER: 2
hrSWRunStatus.39732 = INTEGER: 2
hrSWRunStatus.40514 = INTEGER: 2
hrSWRunStatus.41528 = INTEGER: 2
hrSWRunStatus.42149 = INTEGER: 2
hrSWRunStatus.42578 = INTEGER: 2
hrSWRunStatus.42761 = INTEGER: 2
hrSWRunStatus.42773 = INTEGER: 2
hrSWRunStatus.42949 = INTEGER: 2
hrSWRunStatus.43288 = INTEGER: 2
hrSWRunStatus.43794 = INTEGER: 2
hrSWRunStatus.44169 = INTEGER: 2
hrSWRunStatus.45074 = INTEGER: 2
hrSWRunStatus.46124 = INTEGER: 2
hrSWRunStatus.47923 = INTEGER: 2
hrSWRunStatus.48116 = INTEGER: 2
hrSWRunStatus.48153 = INTEGER: 2
hrSWRunStatus.48710 = INTEGER: 2
hrSWRunStatus.49119 = INTEGER: 2
hrSWRunStatus.49367 = INTEGER: 2
hrSWRunStatus.50620 = INTEGER: 2
hrSWRunStatus.52359 = INTEGER: 2
hrSWRunStatus.52656 = INTEGER: 2
hrSWRunStatus.53276 = INTEGER: 2
hrSWRunStatus.53595 = INTEGER: 2
hrSWRunStatus.53693 = INTEGER: 2
hrSWRunStatus.53866 = INTEGER: 2
hrSWRunStatus.53927 = INTEGER: 2
hrSWRunStatus.56801 = INTEGER: 2
hrSWRunStatus.57442 = INTEGER: 2
hrSWRunStatus.57894 = INTEGER: 2
hrSWRunStatus.60894 = INTEGER: 2
hrSWRunStatus.62042 = INTEGER: 2
hrSWRunStatus.63081 = INTEGER: 2
hrSWRunStatus.63811 = INTEGER: 2
hrSWRunStatus.64311 = INTEGER: 2
hrSWRunStatus.64732 = INTEGER: 2
hrSWRunStatus.64734 = INTEGER: 2
hrSWRunStatus.65503 = INTEGER: 2
hrSWRunStatus.66704 = INTEGER: 2
hrSWRunStatus.69076 = INTEGER: 2
hrSWRunStatus.69540 = INTEGER: 2
hrSWRunStatus.69804 = INTEGER: 2
hrSWRunStatus.70050 = INTEGER: 2
hrSWRunStatus.70846 = INTEGER: 2
hrSWRunStatus.71612 = INTEGER: 2
hrSWRunStatus.72284 = INTEGER: 2
hrSWRunStatus.72612 = INTEGER: 2
hrSWRunStatus.77074 = INTEGER: 2
hrSWRunStatus.77917 = INTEGER: 2
hrSWRunStatus.78006 = INTEGER: 2
hrSWRunStatus.81383 = INTEGER: 1
hrSWRunStatus.81942 = INTEGER: 2
hrSWRunStatus.81961 = INTEGER: 2
hrSWRunStatus.84003 = INTEGER: 2
hrSWRunStatus.84058 = INTEGER: 2
hrSWRunStatus.84693 = INTEGER: 2
hrSWRunStatus.86149 = INTEGER: 2
hrSWRunStatus.86626 = INTEGER: 2
hrSWRunStatus.86749 = INTEGER: 2
hrSWRunStatus.88108 = INTEGER: 2
hrSWRunStatus.88157 = INTEGER: 2
hrSWRunStatus.88549 = INTEGER: 2
hrSWRunStatus.89212 = INTEGER: 2
hrSWRunStatus.90202 = INTEGER: 2
hrSWRunStatus.90408 = INTEGER: 2
hrSWRunStatus.94849 = INTEGER: 2
hrSWRunStatus.97078 = INTEGER: 2
hrSWRunStatus.97911 = INTEGER: 2
hrSWRunStatus.98776 = INTEGER: 2
hrSWRunStatus.98907 = INTEGER: 2
ifName.1 = STRING: iwm0
ifName.2 = STRING: em0
ifName.3 = STRING: enc0
ifName.4 = STRING: lo0
ifName.5 = STRING: pflog0
ifInMulticastPkts.1 = Counter32: 5933
ifInMulticastPkts.2 = Counter32: 255732
ifInMulticastPkts.3 = Counter32: 0
ifInMulticastPkts.4 = Counter32: 0
ifInMulticastPkts.5 = Counter32: 0
ifInBroadcastPkts.1 = Counter32: 0
ifInBroadcastPkts.2 = Counter32: 0
ifInBroadcastPkts.3 = Counter32: 0
ifInBroadcastPkts.4 = Counter32: 0
ifInBroadcastPkts.5 = Counter32: 0
ifOutMulticastPkts.1 = Counter32: 27
ifOutMulticastPkts.2 = Counter32: 80
ifOutMulticastPkts.3 = Counter32: 0
ifOutMulticastPkts.4 = Counter32: 0
ifOutMulticastPkts.5 = Counter32: 0
ifOutBroadcastPkts.1 = Counter32: 0
ifOutBroadcastPkts.2 = Counter32: 0
ifOutBroadcastPkts.3 = Counter32: 0
ifOutBroadcastPkts.4 = Counter32: 0
ifOutBroadcastPkts.5 = Counter32: 0
ifHCInOctets.1 = Counter64: 8395519976
ifHCInOctets.2 = Counter64: 22620778131
ifHCInOctets.3 = Counter64: 0
ifHCInOctets.4 = Counter64: 5310918130
ifHCInOctets.5 = Counter64: 0
ifHCInUcastPkts.1 = Counter64: 6295907
ifHCInUcastPkts.2 = Counter64: 20695936
ifHCInUcastPkts.3 = Counter64: 0
ifHCInUcastPkts.4 = Counter64: 6642232
ifHCInUcastPkts.5 = Counter64: 0
ifHCInMulticastPkts.1 = Counter64: 5933
ifHCInMulticastPkts.2 = Counter64: 255732
ifHCInMulticastPkts.3 = Counter64: 0
ifHCInMulticastPkts.4 = Counter64: 0
ifHCInMulticastPkts.5 = Counter64: 0
ifHCInBroadcastPkts.1 = Counter64: 0
ifHCInBroadcastPkts.2 = Counter64: 0
ifHCInBroadcastPkts.3 = Counter64: 0
ifHCInBroadcastPkts.4 = Counter64: 0
ifHCInBroadcastPkts.5 = Counter64: 0
ifHCOutOctets.1 = Counter64: 427654237
ifHCOutOctets.2 = Counter64: 1124247724
ifHCOutOctets.3 = Counter64: 0
ifHCOutOctets.4 = Counter64: 5310918780
ifHCOutOctets.5 = Counter64: 49360
ifHCOutUcastPkts.1 = Counter64: 5319079
ifHCOutUcastPkts.2 = Counter64: 13844781
ifHCOutUcastPkts.3 = Counter64: 0
ifHCOutUcastPkts.4 = Counter64: 6642236
ifHCOutUcastPkts.5 = Counter64: 793
ifHCOutMulticastPkts.1 = Counter64: 27
ifHCOutMulticastPkts.2 = Counter64: 80
ifHCOutMulticastPkts.3 = Counter64: 0
ifHCOutMulticastPkts.4 = Counter64: 0
ifHCOutMulticastPkts.5 = Counter64: 0
ifHCOutBroadcastPkts.1 = Counter64: 0
ifHCOutBroadcastPkts.2 = Counter64: 0
ifHCOutBroadcastPkts.3 = Counter64: 0
ifHCOutBroadcastPkts.4 = Counter64: 0
ifHCOutBroadcastPkts.5 = Counter64: 0
ifLinkUpDownTrapEnable.1 = INTEGER: 0
ifLinkUpDownTrapEnable.2 = INTEGER: 0
ifLinkUpDownTrapEnable.3 = INTEGER: 0
ifLinkUpDownTrapEnable.4 = INTEGER: 0
ifLinkUpDownTrapEnable.5 = INTEGER: 0
ifHighSpeed.1 = Gauge32: 54
ifHighSpeed.2 = Gauge32: 0
ifHighSpeed.3 = Gauge32: 0
ifHighSpeed.4 = Gauge32: 0
ifHighSpeed.5 = Gauge32: 0
ifPromiscuousMode.1 = INTEGER: 2
ifPromiscuousMode.2 = INTEGER: 2
ifPromiscuousMode.3 = INTEGER: 2
ifPromiscuousMode.4 = INTEGER: 2
ifPromiscuousMode.5 = INTEGER: 1
ifConnectorPresent.1 = INTEGER: 1
ifConnectorPresent.2 = INTEGER: 1
ifConnectorPresent.3 = INTEGER: 2
ifConnectorPresent.4 = INTEGER: 2
ifConnectorPresent.5 = INTEGER: 2
ifAlias.1 = STRING: 
ifAlias.2 = STRING: 
ifAlias.3 = STRING: 
ifAlias.4 = STRING: 
ifAlias.5 = STRING: 
ifCounterDiscontinuityTime.1 = Timeticks: (0) 0:00:00.00
ifCounterDiscontinuityTime.2 = Timeticks: (0) 0:00:00.00
ifCounterDiscontinuityTime.3 = Timeticks: (0) 0:00:00.00
ifCounterDiscontinuityTime.4 = Timeticks: (0) 0:00:00.00
ifCounterDiscontinuityTime.5 = Timeticks: (0) 0:00:00.00
ifRcvAddressStatus.1.6.160.197.137.182.208.175 = INTEGER: 1
ifRcvAddressStatus.2.6.140.22.69.42.241.11 = INTEGER: 1
ifRcvAddressStatus.3.6.0.0.0.0.0.0 = INTEGER: 2
ifRcvAddressStatus.4.6.0.0.0.0.0.0 = INTEGER: 1
ifRcvAddressStatus.5.6.0.0.0.0.0.0 = INTEGER: 1
ifRcvAddressType.1.6.160.197.137.182.208.175 = INTEGER: 1
ifRcvAddressType.2.6.140.22.69.42.241.11 = INTEGER: 1
ifRcvAddressType.3.6.0.0.0.0.0.0 = INTEGER: 1
ifRcvAddressType.4.6.0.0.0.0.0.0 = INTEGER: 1
ifRcvAddressType.5.6.0.0.0.0.0.0 = INTEGER: 1
ifStackLastChange.0 = Timeticks: (0) 0:00:00.00
